
3月 18, 2017 18:18:28.98 NEW SESSION
3月 18, 2017 18:18:28.98 [6832:7856:0318/181828.985:ERROR:angle_platform_impl.cc(33)] ANGLE Display::initialize error 5: DXGI 1.2 required to present to HWNDs owned by another process.
3月 18, 2017 18:18:29.04 [6832:7856:0318/181828.985:ERROR:gl_surface_egl.cc(646)] eglInitialize D3D11 failed with error EGL_NOT_INITIALIZED, trying next display type

3月 19, 2017 11:08:24.56 NEW SESSION
3月 19, 2017 11:08:24.56 [7924:5196:0319/110824.559:ERROR:angle_platform_impl.cc(33)] ANGLE Display::initialize error 5: DXGI 1.2 required to present to HWNDs owned by another process.
3月 19, 2017 11:08:24.56 [7924:5196:0319/110824.559:ERROR:gl_surface_egl.cc(646)] eglInitialize D3D11 failed with error EGL_NOT_INITIALIZED, trying next display type
3月 19, 2017 11:08:30.79 [7660:8696:0319/110830.793:ERROR:ssl_client_socket_impl.cc(1101)] handshake failed; returned -1, SSL error code 1, net_error -101
3月 19, 2017 11:08:30.79 [7660:8696:0319/110830.795:ERROR:ssl_client_socket_impl.cc(1101)] handshake failed; returned -1, SSL error code 1, net_error -101
3月 19, 2017 11:08:33.08 [7660:8696:0319/110833.082:ERROR:ssl_client_socket_impl.cc(1101)] handshake failed; returned -1, SSL error code 1, net_error -101
3月 19, 2017 11:08:38.20 [7660:8696:0319/110838.201:ERROR:ssl_client_socket_impl.cc(1101)] handshake failed; returned -1, SSL error code 1, net_error -101
3月 19, 2017 11:08:38.20 [7660:8696:0319/110838.209:ERROR:ssl_client_socket_impl.cc(1101)] handshake failed; returned -1, SSL error code 1, net_error -101
3月 19, 2017 11:08:40.81 [7660:8696:0319/110840.816:ERROR:ssl_client_socket_impl.cc(1101)] handshake failed; returned -1, SSL error code 1, net_error -101
3月 19, 2017 11:08:40.81 [7660:8696:0319/110840.818:ERROR:ssl_client_socket_impl.cc(1101)] handshake failed; returned -1, SSL error code 1, net_error -101
3月 19, 2017 11:08:41.52 [7660:8696:0319/110841.522:ERROR:ssl_client_socket_impl.cc(1101)] handshake failed; returned -1, SSL error code 1, net_error -101
3月 19, 2017 11:08:43.08 [7660:8696:0319/110843.088:ERROR:ssl_client_socket_impl.cc(1101)] handshake failed; returned -1, SSL error code 1, net_error -101
3月 19, 2017 11:08:48.20 [7660:8696:0319/110848.206:ERROR:ssl_client_socket_impl.cc(1101)] handshake failed; returned -1, SSL error code 1, net_error -101
3月 19, 2017 11:08:48.21 [7660:8696:0319/110848.214:ERROR:ssl_client_socket_impl.cc(1101)] handshake failed; returned -1, SSL error code 1, net_error -101
3月 19, 2017 11:08:51.53 [7660:8696:0319/110851.537:ERROR:ssl_client_socket_impl.cc(1101)] handshake failed; returned -1, SSL error code 1, net_error -101
3月 19, 2017 11:08:53.91 [7660:8696:0319/110853.919:ERROR:ssl_client_socket_impl.cc(1101)] handshake failed; returned -1, SSL error code 1, net_error -101
3月 19, 2017 11:09:03.94 [7660:8696:0319/110903.945:ERROR:ssl_client_socket_impl.cc(1101)] handshake failed; returned -1, SSL error code 1, net_error -101
3月 19, 2017 11:09:15.53 [7660:8696:0319/110915.535:ERROR:ssl_client_socket_impl.cc(1101)] handshake failed; returned -1, SSL error code 1, net_error -101
3月 19, 2017 11:09:16.40 [7660:8696:0319/110916.405:ERROR:ssl_client_socket_impl.cc(1101)] handshake failed; returned -1, SSL error code 1, net_error -101
3月 19, 2017 11:09:25.55 [7660:8696:0319/110925.552:ERROR:ssl_client_socket_impl.cc(1101)] handshake failed; returned -1, SSL error code 1, net_error -101
3月 19, 2017 11:09:26.41 [7660:8696:0319/110926.412:ERROR:ssl_client_socket_impl.cc(1101)] handshake failed; returned -1, SSL error code 1, net_error -101
3月 19, 2017 11:09:36.52 [7660:8696:0319/110936.525:ERROR:ssl_client_socket_impl.cc(1101)] handshake failed; returned -1, SSL error code 1, net_error -101
3月 19, 2017 11:09:44.77 [7660:8696:0319/110944.771:ERROR:ssl_client_socket_impl.cc(1101)] handshake failed; returned -1, SSL error code 1, net_error -101
3月 19, 2017 11:09:46.53 [7660:8696:0319/110946.532:ERROR:ssl_client_socket_impl.cc(1101)] handshake failed; returned -1, SSL error code 1, net_error -101
3月 19, 2017 11:09:54.80 [7660:8696:0319/110954.803:ERROR:ssl_client_socket_impl.cc(1101)] handshake failed; returned -1, SSL error code 1, net_error -101
3月 19, 2017 11:09:56.54 [7660:8696:0319/110956.543:ERROR:ssl_client_socket_impl.cc(1101)] handshake failed; returned -1, SSL error code 1, net_error -101
3月 19, 2017 11:09:58.13 [7660:8696:0319/110958.138:ERROR:ssl_client_socket_impl.cc(1101)] handshake failed; returned -1, SSL error code 1, net_error -101
3月 19, 2017 11:10:06.56 [7660:8696:0319/111006.567:ERROR:ssl_client_socket_impl.cc(1101)] handshake failed; returned -1, SSL error code 1, net_error -101
3月 19, 2017 11:10:07.82 [7660:8696:0319/111007.828:ERROR:ssl_client_socket_impl.cc(1101)] handshake failed; returned -1, SSL error code 1, net_error -101
3月 19, 2017 11:10:08.15 [7660:8696:0319/111008.150:ERROR:ssl_client_socket_impl.cc(1101)] handshake failed; returned -1, SSL error code 1, net_error -101
3月 19, 2017 11:10:20.84 [7660:8696:0319/111020.847:ERROR:ssl_client_socket_impl.cc(1101)] handshake failed; returned -1, SSL error code 1, net_error -101
3月 19, 2017 11:10:20.84 [7660:8696:0319/111020.848:ERROR:ssl_client_socket_impl.cc(1101)] handshake failed; returned -1, SSL error code 1, net_error -101
3月 19, 2017 11:10:21.17 [7660:8696:0319/111021.170:ERROR:ssl_client_socket_impl.cc(1101)] handshake failed; returned -1, SSL error code 1, net_error -101
3月 19, 2017 11:10:26.90 [7660:8696:0319/111026.907:ERROR:ssl_client_socket_impl.cc(1101)] handshake failed; returned -1, SSL error code 1, net_error -101
3月 19, 2017 11:10:31.18 [7660:8696:0319/111031.180:ERROR:ssl_client_socket_impl.cc(1101)] handshake failed; returned -1, SSL error code 1, net_error -101
3月 19, 2017 11:10:33.85 [7660:8696:0319/111033.855:ERROR:ssl_client_socket_impl.cc(1101)] handshake failed; returned -1, SSL error code 1, net_error -101
3月 19, 2017 11:10:36.92 [7660:8696:0319/111036.926:ERROR:ssl_client_socket_impl.cc(1101)] handshake failed; returned -1, SSL error code 1, net_error -101
3月 19, 2017 11:10:44.21 [7660:8696:0319/111044.212:ERROR:ssl_client_socket_impl.cc(1101)] handshake failed; returned -1, SSL error code 1, net_error -101
3月 19, 2017 11:10:46.94 [7660:8696:0319/111046.945:ERROR:ssl_client_socket_impl.cc(1101)] handshake failed; returned -1, SSL error code 1, net_error -101
3月 19, 2017 11:10:49.95 [7660:8696:0319/111049.949:ERROR:ssl_client_socket_impl.cc(1101)] handshake failed; returned -1, SSL error code 1, net_error -101
3月 19, 2017 11:10:56.95 [7660:8696:0319/111056.952:ERROR:ssl_client_socket_impl.cc(1101)] handshake failed; returned -1, SSL error code 1, net_error -101
3月 19, 2017 11:10:57.27 [7660:8696:0319/111057.269:ERROR:ssl_client_socket_impl.cc(1101)] handshake failed; returned -1, SSL error code 1, net_error -101
3月 19, 2017 11:11:01.50 [7660:8696:0319/111101.505:ERROR:ssl_client_socket_impl.cc(1101)] handshake failed; returned -1, SSL error code 1, net_error -101
3月 19, 2017 11:11:02.95 [7660:8696:0319/111102.957:ERROR:ssl_client_socket_impl.cc(1101)] handshake failed; returned -1, SSL error code 1, net_error -101
3月 19, 2017 11:11:03.24 [7660:8696:0319/111103.239:ERROR:ssl_client_socket_impl.cc(1101)] handshake failed; returned -1, SSL error code 1, net_error -101
3月 19, 2017 11:11:04.98 [7660:8696:0319/111104.985:ERROR:ssl_client_socket_impl.cc(1101)] handshake failed; returned -1, SSL error code 1, net_error -101
3月 19, 2017 11:11:11.52 [7660:8696:0319/111111.525:ERROR:ssl_client_socket_impl.cc(1101)] handshake failed; returned -1, SSL error code 1, net_error -101
3月 19, 2017 11:11:13.25 [7660:8696:0319/111113.253:ERROR:ssl_client_socket_impl.cc(1101)] handshake failed; returned -1, SSL error code 1, net_error -101
3月 19, 2017 11:11:14.99 [7660:8696:0319/111114.992:ERROR:ssl_client_socket_impl.cc(1101)] handshake failed; returned -1, SSL error code 1, net_error -101
3月 19, 2017 11:11:14.99 [7660:912:0319/111114.993:ERROR:gcm_channel_status_request.cc(89)] GCM channel request failed.
3月 19, 2017 11:11:15.96 [7660:8696:0319/111115.968:ERROR:ssl_client_socket_impl.cc(1101)] handshake failed; returned -1, SSL error code 1, net_error -101
3月 19, 2017 11:11:21.22 [7660:8696:0319/111121.228:ERROR:ssl_client_socket_impl.cc(1101)] handshake failed; returned -1, SSL error code 1, net_error -101
3月 19, 2017 11:11:21.53 [7660:8696:0319/111121.530:ERROR:ssl_client_socket_impl.cc(1101)] handshake failed; returned -1, SSL error code 1, net_error -101
3月 19, 2017 11:11:23.27 [7660:8696:0319/111123.275:ERROR:ssl_client_socket_impl.cc(1101)] handshake failed; returned -1, SSL error code 1, net_error -101
3月 19, 2017 11:11:24.54 [7660:8696:0319/111124.548:ERROR:ssl_client_socket_impl.cc(1101)] handshake failed; returned -1, SSL error code 1, net_error -101
3月 19, 2017 11:11:28.98 [7660:8696:0319/111128.985:ERROR:ssl_client_socket_impl.cc(1101)] handshake failed; returned -1, SSL error code 1, net_error -101
3月 19, 2017 11:11:31.23 [7660:8696:0319/111131.236:ERROR:ssl_client_socket_impl.cc(1101)] handshake failed; returned -1, SSL error code 1, net_error -101
3月 19, 2017 11:11:31.54 [7660:8696:0319/111131.545:ERROR:ssl_client_socket_impl.cc(1101)] handshake failed; returned -1, SSL error code 1, net_error -101
3月 19, 2017 11:11:33.28 [7660:8696:0319/111133.285:ERROR:ssl_client_socket_impl.cc(1101)] handshake failed; returned -1, SSL error code 1, net_error -101
3月 19, 2017 11:11:34.56 [7660:8696:0319/111134.560:ERROR:ssl_client_socket_impl.cc(1101)] handshake failed; returned -1, SSL error code 1, net_error -101
3月 19, 2017 11:11:44.03 [7660:8696:0319/111144.031:ERROR:ssl_client_socket_impl.cc(1101)] handshake failed; returned -1, SSL error code 1, net_error -101
3月 19, 2017 11:11:44.25 [7660:8696:0319/111144.255:ERROR:ssl_client_socket_impl.cc(1101)] handshake failed; returned -1, SSL error code 1, net_error -101
3月 19, 2017 11:11:46.45 [7660:8696:0319/111146.453:ERROR:ssl_client_socket_impl.cc(1101)] handshake failed; returned -1, SSL error code 1, net_error -101
3月 19, 2017 11:11:47.57 [7660:8696:0319/111147.572:ERROR:ssl_client_socket_impl.cc(1101)] handshake failed; returned -1, SSL error code 1, net_error -101
3月 19, 2017 11:11:51.01 [7660:8696:0319/111151.012:ERROR:ssl_client_socket_impl.cc(1101)] handshake failed; returned -1, SSL error code 1, net_error -101
3月 19, 2017 11:11:54.06 [7660:8696:0319/111154.062:ERROR:ssl_client_socket_impl.cc(1101)] handshake failed; returned -1, SSL error code 1, net_error -101
3月 19, 2017 11:11:56.50 [7660:8696:0319/111156.503:ERROR:ssl_client_socket_impl.cc(1101)] handshake failed; returned -1, SSL error code 1, net_error -101
3月 19, 2017 11:11:57.26 [7660:8696:0319/111157.263:ERROR:ssl_client_socket_impl.cc(1101)] handshake failed; returned -1, SSL error code 1, net_error -101
3月 19, 2017 11:11:57.60 [7660:8696:0319/111157.603:ERROR:ssl_client_socket_impl.cc(1101)] handshake failed; returned -1, SSL error code 1, net_error -101
3月 19, 2017 11:12:00.57 [7660:8696:0319/111200.579:ERROR:ssl_client_socket_impl.cc(1101)] handshake failed; returned -1, SSL error code 1, net_error -101
3月 19, 2017 11:12:01.02 [7660:8696:0319/111201.019:ERROR:ssl_client_socket_impl.cc(1101)] handshake failed; returned -1, SSL error code 1, net_error -101
3月 19, 2017 11:12:01.02 [7660:912:0319/111201.020:ERROR:gcm_channel_status_request.cc(89)] GCM channel request failed.
3月 19, 2017 11:12:07.60 [7660:8696:0319/111207.609:ERROR:ssl_client_socket_impl.cc(1101)] handshake failed; returned -1, SSL error code 1, net_error -101
3月 19, 2017 11:12:10.44 [7660:8696:0319/111210.446:ERROR:ssl_client_socket_impl.cc(1101)] handshake failed; returned -1, SSL error code 1, net_error -101
3月 19, 2017 11:12:11.24 [7660:8696:0319/111211.243:ERROR:ssl_client_socket_impl.cc(1101)] handshake failed; returned -1, SSL error code 1, net_error -101
3月 19, 2017 11:12:13.63 [7660:8696:0319/111213.636:ERROR:ssl_client_socket_impl.cc(1101)] handshake failed; returned -1, SSL error code 1, net_error -101
3月 19, 2017 11:12:14.03 [7660:8696:0319/111214.029:ERROR:ssl_client_socket_impl.cc(1101)] handshake failed; returned -1, SSL error code 1, net_error -101
3月 19, 2017 11:12:20.45 [7660:8696:0319/111220.453:ERROR:ssl_client_socket_impl.cc(1101)] handshake failed; returned -1, SSL error code 1, net_error -101
3月 19, 2017 11:12:21.26 [7660:8696:0319/111221.263:ERROR:ssl_client_socket_impl.cc(1101)] handshake failed; returned -1, SSL error code 1, net_error -101
3月 19, 2017 11:12:26.64 [7660:8696:0319/111226.645:ERROR:ssl_client_socket_impl.cc(1101)] handshake failed; returned -1, SSL error code 1, net_error -101
3月 19, 2017 11:12:27.03 [7660:8696:0319/111227.038:ERROR:ssl_client_socket_impl.cc(1101)] handshake failed; returned -1, SSL error code 1, net_error -101
3月 19, 2017 11:12:34.10 [7660:8696:0319/111234.101:ERROR:ssl_client_socket_impl.cc(1101)] handshake failed; returned -1, SSL error code 1, net_error -101
3月 19, 2017 11:12:37.71 [7660:8696:0319/111237.713:ERROR:ssl_client_socket_impl.cc(1101)] handshake failed; returned -1, SSL error code 1, net_error -101
3月 19, 2017 11:12:40.05 [7660:8696:0319/111240.050:ERROR:ssl_client_socket_impl.cc(1101)] handshake failed; returned -1, SSL error code 1, net_error -101
3月 19, 2017 11:12:43.33 [7660:8696:0319/111243.333:ERROR:ssl_client_socket_impl.cc(1101)] handshake failed; returned -1, SSL error code 1, net_error -101
3月 19, 2017 11:12:44.11 [7660:8696:0319/111244.112:ERROR:ssl_client_socket_impl.cc(1101)] handshake failed; returned -1, SSL error code 1, net_error -101
3月 19, 2017 11:12:47.72 [7660:8696:0319/111247.725:ERROR:ssl_client_socket_impl.cc(1101)] handshake failed; returned -1, SSL error code 1, net_error -101
3月 19, 2017 11:12:53.09 [7660:8696:0319/111253.091:ERROR:ssl_client_socket_impl.cc(1101)] handshake failed; returned -1, SSL error code 1, net_error -101
3月 19, 2017 11:12:53.34 [7660:8696:0319/111253.344:ERROR:ssl_client_socket_impl.cc(1101)] handshake failed; returned -1, SSL error code 1, net_error -101
3月 19, 2017 11:12:57.13 [7660:8696:0319/111257.137:ERROR:ssl_client_socket_impl.cc(1101)] handshake failed; returned -1, SSL error code 1, net_error -101
3月 19, 2017 11:13:01.26 [7660:8696:0319/111301.268:ERROR:ssl_client_socket_impl.cc(1101)] handshake failed; returned -1, SSL error code 1, net_error -101
3月 19, 2017 11:13:03.35 [7660:8696:0319/111303.354:ERROR:ssl_client_socket_impl.cc(1101)] handshake failed; returned -1, SSL error code 1, net_error -101
3月 19, 2017 11:13:10.14 [7660:8696:0319/111310.144:ERROR:ssl_client_socket_impl.cc(1101)] handshake failed; returned -1, SSL error code 1, net_error -101
3月 19, 2017 11:13:10.74 [7660:8696:0319/111310.741:ERROR:ssl_client_socket_impl.cc(1101)] handshake failed; returned -1, SSL error code 1, net_error -101
3月 19, 2017 11:13:11.27 [7660:8696:0319/111311.278:ERROR:ssl_client_socket_impl.cc(1101)] handshake failed; returned -1, SSL error code 1, net_error -101
3月 19, 2017 11:13:13.36 [7660:8696:0319/111313.360:ERROR:ssl_client_socket_impl.cc(1101)] handshake failed; returned -1, SSL error code 1, net_error -101
3月 19, 2017 11:13:13.55 [7660:8696:0319/111313.558:ERROR:ssl_client_socket_impl.cc(1101)] handshake failed; returned -1, SSL error code 1, net_error -101
3月 19, 2017 11:13:20.76 [7660:8696:0319/111320.766:ERROR:ssl_client_socket_impl.cc(1101)] handshake failed; returned -1, SSL error code 1, net_error -101
3月 19, 2017 11:13:20.76 [7660:912:0319/111320.768:ERROR:gcm_channel_status_request.cc(89)] GCM channel request failed.
3月 19, 2017 11:13:23.17 [7660:8696:0319/111323.173:ERROR:ssl_client_socket_impl.cc(1101)] handshake failed; returned -1, SSL error code 1, net_error -101
3月 19, 2017 11:13:23.57 [7660:8696:0319/111323.570:ERROR:ssl_client_socket_impl.cc(1101)] handshake failed; returned -1, SSL error code 1, net_error -101
3月 19, 2017 11:13:24.12 [7660:8696:0319/111324.127:ERROR:ssl_client_socket_impl.cc(1101)] handshake failed; returned -1, SSL error code 1, net_error -101
3月 19, 2017 11:13:24.29 [7660:8696:0319/111324.291:ERROR:ssl_client_socket_impl.cc(1101)] handshake failed; returned -1, SSL error code 1, net_error -101
3月 19, 2017 11:13:34.14 [7660:8696:0319/111334.143:ERROR:ssl_client_socket_impl.cc(1101)] handshake failed; returned -1, SSL error code 1, net_error -101
3月 19, 2017 11:13:36.20 [7660:8696:0319/111336.207:ERROR:ssl_client_socket_impl.cc(1101)] handshake failed; returned -1, SSL error code 1, net_error -101
3月 19, 2017 11:13:37.30 [7660:8696:0319/111337.301:ERROR:ssl_client_socket_impl.cc(1101)] handshake failed; returned -1, SSL error code 1, net_error -101
3月 19, 2017 11:13:50.32 [7660:8696:0319/111350.325:ERROR:ssl_client_socket_impl.cc(1101)] handshake failed; returned -1, SSL error code 1, net_error -101
3月 19, 2017 11:13:50.79 [7660:8696:0319/111350.793:ERROR:ssl_client_socket_impl.cc(1101)] handshake failed; returned -1, SSL error code 1, net_error -101
3月 19, 2017 11:13:51.28 [7660:8696:0319/111351.284:ERROR:ssl_client_socket_impl.cc(1101)] handshake failed; returned -1, SSL error code 1, net_error -101
3月 19, 2017 11:13:53.06 [7660:8696:0319/111353.060:ERROR:ssl_client_socket_impl.cc(1101)] handshake failed; returned -1, SSL error code 1, net_error -101
3月 19, 2017 11:14:00.80 [7660:8696:0319/111400.807:ERROR:ssl_client_socket_impl.cc(1101)] handshake failed; returned -1, SSL error code 1, net_error -101
3月 19, 2017 11:14:01.29 [7660:8696:0319/111401.293:ERROR:ssl_client_socket_impl.cc(1101)] handshake failed; returned -1, SSL error code 1, net_error -101
3月 19, 2017 11:14:02.40 [7660:8696:0319/111402.402:ERROR:ssl_client_socket_impl.cc(1101)] handshake failed; returned -1, SSL error code 1, net_error -101
3月 19, 2017 11:14:03.06 [7660:8696:0319/111403.064:ERROR:ssl_client_socket_impl.cc(1101)] handshake failed; returned -1, SSL error code 1, net_error -101
3月 19, 2017 11:14:03.36 [7660:8696:0319/111403.365:ERROR:ssl_client_socket_impl.cc(1101)] handshake failed; returned -1, SSL error code 1, net_error -101
3月 19, 2017 11:14:12.40 [7660:8696:0319/111412.409:ERROR:ssl_client_socket_impl.cc(1101)] handshake failed; returned -1, SSL error code 1, net_error -101
3月 19, 2017 11:14:14.14 [7660:8696:0319/111414.145:ERROR:ssl_client_socket_impl.cc(1101)] handshake failed; returned -1, SSL error code 1, net_error -101
3月 19, 2017 11:14:16.07 [7660:8696:0319/111416.070:ERROR:ssl_client_socket_impl.cc(1101)] handshake failed; returned -1, SSL error code 1, net_error -101
3月 19, 2017 11:14:16.38 [7660:8696:0319/111416.381:ERROR:ssl_client_socket_impl.cc(1101)] handshake failed; returned -1, SSL error code 1, net_error -101
3月 19, 2017 11:14:24.15 [7660:8696:0319/111424.156:ERROR:ssl_client_socket_impl.cc(1101)] handshake failed; returned -1, SSL error code 1, net_error -101
3月 19, 2017 11:14:28.77 [7660:8696:0319/111428.777:ERROR:ssl_client_socket_impl.cc(1101)] handshake failed; returned -1, SSL error code 1, net_error -101
3月 19, 2017 11:14:29.08 [7660:8696:0319/111429.088:ERROR:ssl_client_socket_impl.cc(1101)] handshake failed; returned -1, SSL error code 1, net_error -101
3月 19, 2017 11:14:29.51 [7660:8696:0319/111429.517:ERROR:ssl_client_socket_impl.cc(1101)] handshake failed; returned -1, SSL error code 1, net_error -101
3月 19, 2017 11:14:38.80 [7660:8696:0319/111438.801:ERROR:ssl_client_socket_impl.cc(1101)] handshake failed; returned -1, SSL error code 1, net_error -101
3月 19, 2017 11:14:41.31 [7660:8696:0319/111441.312:ERROR:ssl_client_socket_impl.cc(1101)] handshake failed; returned -1, SSL error code 1, net_error -101
3月 19, 2017 11:14:42.09 [7660:8696:0319/111442.096:ERROR:ssl_client_socket_impl.cc(1101)] handshake failed; returned -1, SSL error code 1, net_error -101
3月 19, 2017 11:14:42.53 [7660:8696:0319/111442.536:ERROR:ssl_client_socket_impl.cc(1101)] handshake failed; returned -1, SSL error code 1, net_error -101
3月 19, 2017 11:14:51.33 [7660:8696:0319/111451.333:ERROR:ssl_client_socket_impl.cc(1101)] handshake failed; returned -1, SSL error code 1, net_error -101
3月 19, 2017 11:14:55.13 [7660:8696:0319/111455.133:ERROR:ssl_client_socket_impl.cc(1101)] handshake failed; returned -1, SSL error code 1, net_error -101
3月 19, 2017 11:14:55.54 [7660:8696:0319/111455.546:ERROR:ssl_client_socket_impl.cc(1101)] handshake failed; returned -1, SSL error code 1, net_error -101
3月 19, 2017 11:14:56.72 [7660:8696:0319/111456.727:ERROR:ssl_client_socket_impl.cc(1101)] handshake failed; returned -1, SSL error code 1, net_error -101
3月 19, 2017 11:15:04.18 [7660:8696:0319/111504.187:ERROR:ssl_client_socket_impl.cc(1101)] handshake failed; returned -1, SSL error code 1, net_error -101
3月 19, 2017 11:15:06.73 [7660:8696:0319/111506.737:ERROR:ssl_client_socket_impl.cc(1101)] handshake failed; returned -1, SSL error code 1, net_error -101
3月 19, 2017 11:15:06.73 [7660:912:0319/111506.738:ERROR:gcm_channel_status_request.cc(89)] GCM channel request failed.
3月 19, 2017 11:15:08.14 [7660:8696:0319/111508.143:ERROR:ssl_client_socket_impl.cc(1101)] handshake failed; returned -1, SSL error code 1, net_error -101
3月 19, 2017 11:15:08.55 [7660:8696:0319/111508.557:ERROR:ssl_client_socket_impl.cc(1101)] handshake failed; returned -1, SSL error code 1, net_error -101
3月 19, 2017 11:15:14.19 [7660:8696:0319/111514.196:ERROR:ssl_client_socket_impl.cc(1101)] handshake failed; returned -1, SSL error code 1, net_error -101
3月 19, 2017 11:15:21.15 [7660:8696:0319/111521.151:ERROR:ssl_client_socket_impl.cc(1101)] handshake failed; returned -1, SSL error code 1, net_error -101
3月 19, 2017 11:15:21.56 [7660:8696:0319/111521.567:ERROR:ssl_client_socket_impl.cc(1101)] handshake failed; returned -1, SSL error code 1, net_error -101
3月 19, 2017 11:15:25.86 [7660:8696:0319/111525.869:ERROR:ssl_client_socket_impl.cc(1101)] handshake failed; returned -1, SSL error code 1, net_error -101
3月 19, 2017 11:15:31.33 [7660:8696:0319/111531.336:ERROR:ssl_client_socket_impl.cc(1101)] handshake failed; returned -1, SSL error code 1, net_error -101
3月 19, 2017 11:15:34.16 [7660:8696:0319/111534.165:ERROR:ssl_client_socket_impl.cc(1101)] handshake failed; returned -1, SSL error code 1, net_error -101
3月 19, 2017 11:15:34.57 [7660:8696:0319/111534.577:ERROR:ssl_client_socket_impl.cc(1101)] handshake failed; returned -1, SSL error code 1, net_error -101
3月 19, 2017 11:15:35.87 [7660:8696:0319/111535.878:ERROR:ssl_client_socket_impl.cc(1101)] handshake failed; returned -1, SSL error code 1, net_error -101
3月 19, 2017 11:15:41.34 [7660:8696:0319/111541.349:ERROR:ssl_client_socket_impl.cc(1101)] handshake failed; returned -1, SSL error code 1, net_error -101
3月 19, 2017 11:15:47.17 [7660:8696:0319/111547.171:ERROR:ssl_client_socket_impl.cc(1101)] handshake failed; returned -1, SSL error code 1, net_error -101
3月 19, 2017 11:15:47.58 [7660:8696:0319/111547.585:ERROR:ssl_client_socket_impl.cc(1101)] handshake failed; returned -1, SSL error code 1, net_error -101
3月 19, 2017 11:15:54.20 [7660:8696:0319/111554.204:ERROR:ssl_client_socket_impl.cc(1101)] handshake failed; returned -1, SSL error code 1, net_error -101
3月 19, 2017 11:15:59.27 [7660:8696:0319/111559.276:ERROR:ssl_client_socket_impl.cc(1101)] handshake failed; returned -1, SSL error code 1, net_error -101
3月 19, 2017 11:16:00.18 [7660:8696:0319/111600.182:ERROR:ssl_client_socket_impl.cc(1101)] handshake failed; returned -1, SSL error code 1, net_error -101
3月 19, 2017 11:16:00.59 [7660:8696:0319/111600.597:ERROR:ssl_client_socket_impl.cc(1101)] handshake failed; returned -1, SSL error code 1, net_error -101
3月 19, 2017 11:16:04.21 [7660:8696:0319/111604.214:ERROR:ssl_client_socket_impl.cc(1101)] handshake failed; returned -1, SSL error code 1, net_error -101
3月 19, 2017 11:16:09.28 [7660:8696:0319/111609.288:ERROR:ssl_client_socket_impl.cc(1101)] handshake failed; returned -1, SSL error code 1, net_error -101
3月 19, 2017 11:16:13.19 [7660:8696:0319/111613.193:ERROR:ssl_client_socket_impl.cc(1101)] handshake failed; returned -1, SSL error code 1, net_error -101
3月 19, 2017 11:16:13.60 [7660:8696:0319/111613.606:ERROR:ssl_client_socket_impl.cc(1101)] handshake failed; returned -1, SSL error code 1, net_error -101
3月 19, 2017 11:16:21.36 [7660:8696:0319/111621.359:ERROR:ssl_client_socket_impl.cc(1101)] handshake failed; returned -1, SSL error code 1, net_error -101
3月 19, 2017 11:16:26.20 [7660:8696:0319/111626.203:ERROR:ssl_client_socket_impl.cc(1101)] handshake failed; returned -1, SSL error code 1, net_error -101
3月 19, 2017 11:16:26.61 [7660:8696:0319/111626.616:ERROR:ssl_client_socket_impl.cc(1101)] handshake failed; returned -1, SSL error code 1, net_error -101
3月 19, 2017 11:16:31.38 [7660:8696:0319/111631.387:ERROR:ssl_client_socket_impl.cc(1101)] handshake failed; returned -1, SSL error code 1, net_error -101
3月 19, 2017 11:16:39.23 [7660:8696:0319/111639.235:ERROR:ssl_client_socket_impl.cc(1101)] handshake failed; returned -1, SSL error code 1, net_error -101
3月 19, 2017 11:16:39.62 [7660:8696:0319/111639.624:ERROR:ssl_client_socket_impl.cc(1101)] handshake failed; returned -1, SSL error code 1, net_error -101
3月 19, 2017 11:16:44.22 [7660:8696:0319/111644.221:ERROR:ssl_client_socket_impl.cc(1101)] handshake failed; returned -1, SSL error code 1, net_error -101
3月 19, 2017 11:16:49.25 [7660:8696:0319/111649.250:ERROR:ssl_client_socket_impl.cc(1101)] handshake failed; returned -1, SSL error code 1, net_error -101
3月 19, 2017 11:16:49.63 [7660:8696:0319/111649.636:ERROR:ssl_client_socket_impl.cc(1101)] handshake failed; returned -1, SSL error code 1, net_error -101
3月 19, 2017 11:16:54.22 [7660:8696:0319/111654.227:ERROR:ssl_client_socket_impl.cc(1101)] handshake failed; returned -1, SSL error code 1, net_error -101
3月 19, 2017 11:16:59.26 [7660:8696:0319/111659.267:ERROR:ssl_client_socket_impl.cc(1101)] handshake failed; returned -1, SSL error code 1, net_error -101
3月 19, 2017 11:16:59.64 [7660:8696:0319/111659.641:ERROR:ssl_client_socket_impl.cc(1101)] handshake failed; returned -1, SSL error code 1, net_error -101
3月 19, 2017 11:17:11.39 [7660:8696:0319/111711.396:ERROR:ssl_client_socket_impl.cc(1101)] handshake failed; returned -1, SSL error code 1, net_error -101
3月 19, 2017 11:17:21.40 [7660:8696:0319/111721.408:ERROR:ssl_client_socket_impl.cc(1101)] handshake failed; returned -1, SSL error code 1, net_error -101
3月 19, 2017 11:17:22.90 [7660:8696:0319/111722.908:ERROR:ssl_client_socket_impl.cc(1101)] handshake failed; returned -1, SSL error code 1, net_error -101
3月 19, 2017 11:17:26.79 [7660:8696:0319/111726.792:ERROR:ssl_client_socket_impl.cc(1101)] handshake failed; returned -1, SSL error code 1, net_error -101
3月 19, 2017 11:17:34.23 [7660:8696:0319/111734.234:ERROR:ssl_client_socket_impl.cc(1101)] handshake failed; returned -1, SSL error code 1, net_error -101
3月 19, 2017 11:17:35.92 [7660:8696:0319/111735.925:ERROR:ssl_client_socket_impl.cc(1101)] handshake failed; returned -1, SSL error code 1, net_error -101
3月 19, 2017 11:17:39.80 [7660:8696:0319/111739.805:ERROR:ssl_client_socket_impl.cc(1101)] handshake failed; returned -1, SSL error code 1, net_error -101
3月 19, 2017 11:17:41.09 [7660:8696:0319/111741.090:ERROR:ssl_client_socket_impl.cc(1101)] handshake failed; returned -1, SSL error code 1, net_error -101
3月 19, 2017 11:17:44.25 [7660:8696:0319/111744.249:ERROR:ssl_client_socket_impl.cc(1101)] handshake failed; returned -1, SSL error code 1, net_error -101
3月 19, 2017 11:17:48.93 [7660:8696:0319/111748.934:ERROR:ssl_client_socket_impl.cc(1101)] handshake failed; returned -1, SSL error code 1, net_error -101
3月 19, 2017 11:17:51.10 [7660:8696:0319/111751.101:ERROR:ssl_client_socket_impl.cc(1101)] handshake failed; returned -1, SSL error code 1, net_error -101
3月 19, 2017 11:17:52.82 [7660:8696:0319/111752.822:ERROR:ssl_client_socket_impl.cc(1101)] handshake failed; returned -1, SSL error code 1, net_error -101
3月 19, 2017 11:18:01.41 [7660:8696:0319/111801.414:ERROR:ssl_client_socket_impl.cc(1101)] handshake failed; returned -1, SSL error code 1, net_error -101
3月 19, 2017 11:18:01.94 [7660:8696:0319/111801.946:ERROR:ssl_client_socket_impl.cc(1101)] handshake failed; returned -1, SSL error code 1, net_error -101
3月 19, 2017 11:18:05.85 [7660:8696:0319/111805.854:ERROR:ssl_client_socket_impl.cc(1101)] handshake failed; returned -1, SSL error code 1, net_error -101
3月 19, 2017 11:18:11.46 [7660:8696:0319/111811.459:ERROR:ssl_client_socket_impl.cc(1101)] handshake failed; returned -1, SSL error code 1, net_error -101
3月 19, 2017 11:18:11.95 [7660:8696:0319/111811.957:ERROR:ssl_client_socket_impl.cc(1101)] handshake failed; returned -1, SSL error code 1, net_error -101
3月 19, 2017 11:18:18.86 [7660:8696:0319/111818.866:ERROR:ssl_client_socket_impl.cc(1101)] handshake failed; returned -1, SSL error code 1, net_error -101
3月 19, 2017 11:18:21.97 [7660:8696:0319/111821.969:ERROR:ssl_client_socket_impl.cc(1101)] handshake failed; returned -1, SSL error code 1, net_error -101
3月 19, 2017 11:18:22.03 [7660:8696:0319/111822.030:ERROR:ssl_client_socket_impl.cc(1101)] handshake failed; returned -1, SSL error code 1, net_error -101
3月 19, 2017 11:18:24.25 [7660:8696:0319/111824.253:ERROR:ssl_client_socket_impl.cc(1101)] handshake failed; returned -1, SSL error code 1, net_error -101
3月 19, 2017 11:18:31.87 [7660:8696:0319/111831.876:ERROR:ssl_client_socket_impl.cc(1101)] handshake failed; returned -1, SSL error code 1, net_error -101
3月 19, 2017 11:18:32.03 [7660:8696:0319/111832.034:ERROR:ssl_client_socket_impl.cc(1101)] handshake failed; returned -1, SSL error code 1, net_error -101
3月 19, 2017 11:18:32.05 [7660:912:0319/111832.058:ERROR:gcm_channel_status_request.cc(89)] GCM channel request failed.
3月 19, 2017 11:18:34.28 [7660:8696:0319/111834.287:ERROR:ssl_client_socket_impl.cc(1101)] handshake failed; returned -1, SSL error code 1, net_error -101
3月 19, 2017 11:18:34.98 [7660:8696:0319/111834.988:ERROR:ssl_client_socket_impl.cc(1101)] handshake failed; returned -1, SSL error code 1, net_error -101
3月 19, 2017 11:18:44.88 [7660:8696:0319/111844.882:ERROR:ssl_client_socket_impl.cc(1101)] handshake failed; returned -1, SSL error code 1, net_error -101
3月 19, 2017 11:18:47.99 [7660:8696:0319/111847.995:ERROR:ssl_client_socket_impl.cc(1101)] handshake failed; returned -1, SSL error code 1, net_error -101
3月 19, 2017 11:18:51.50 [7660:8696:0319/111851.506:ERROR:ssl_client_socket_impl.cc(1101)] handshake failed; returned -1, SSL error code 1, net_error -101
3月 19, 2017 11:18:57.90 [7660:8696:0319/111857.900:ERROR:ssl_client_socket_impl.cc(1101)] handshake failed; returned -1, SSL error code 1, net_error -101
3月 19, 2017 11:19:01.01 [7660:8696:0319/111901.018:ERROR:ssl_client_socket_impl.cc(1101)] handshake failed; returned -1, SSL error code 1, net_error -101
3月 19, 2017 11:19:01.51 [7660:8696:0319/111901.515:ERROR:ssl_client_socket_impl.cc(1101)] handshake failed; returned -1, SSL error code 1, net_error -101
3月 19, 2017 11:19:10.91 [7660:8696:0319/111910.913:ERROR:ssl_client_socket_impl.cc(1101)] handshake failed; returned -1, SSL error code 1, net_error -101
3月 19, 2017 11:19:14.02 [7660:8696:0319/111914.028:ERROR:ssl_client_socket_impl.cc(1101)] handshake failed; returned -1, SSL error code 1, net_error -101
3月 19, 2017 11:19:14.29 [7660:8696:0319/111914.293:ERROR:ssl_client_socket_impl.cc(1101)] handshake failed; returned -1, SSL error code 1, net_error -101
3月 19, 2017 11:19:23.92 [7660:8696:0319/111923.922:ERROR:ssl_client_socket_impl.cc(1101)] handshake failed; returned -1, SSL error code 1, net_error -101
3月 19, 2017 11:19:24.30 [7660:8696:0319/111924.301:ERROR:ssl_client_socket_impl.cc(1101)] handshake failed; returned -1, SSL error code 1, net_error -101
3月 19, 2017 11:19:27.04 [7660:8696:0319/111927.040:ERROR:ssl_client_socket_impl.cc(1101)] handshake failed; returned -1, SSL error code 1, net_error -101
3月 19, 2017 11:19:33.93 [7660:8696:0319/111933.932:ERROR:ssl_client_socket_impl.cc(1101)] handshake failed; returned -1, SSL error code 1, net_error -101
3月 19, 2017 11:19:40.06 [7660:8696:0319/111940.062:ERROR:ssl_client_socket_impl.cc(1101)] handshake failed; returned -1, SSL error code 1, net_error -101
3月 19, 2017 11:19:41.52 [7660:8696:0319/111941.523:ERROR:ssl_client_socket_impl.cc(1101)] handshake failed; returned -1, SSL error code 1, net_error -101
3月 19, 2017 11:19:43.95 [7660:8696:0319/111943.949:ERROR:ssl_client_socket_impl.cc(1101)] handshake failed; returned -1, SSL error code 1, net_error -101
3月 19, 2017 11:19:51.53 [7660:8696:0319/111951.530:ERROR:ssl_client_socket_impl.cc(1101)] handshake failed; returned -1, SSL error code 1, net_error -101
3月 19, 2017 11:19:53.07 [7660:8696:0319/111953.075:ERROR:ssl_client_socket_impl.cc(1101)] handshake failed; returned -1, SSL error code 1, net_error -101
3月 19, 2017 11:20:04.31 [7660:8696:0319/112004.310:ERROR:ssl_client_socket_impl.cc(1101)] handshake failed; returned -1, SSL error code 1, net_error -101
3月 19, 2017 11:20:06.09 [7660:8696:0319/112006.089:ERROR:ssl_client_socket_impl.cc(1101)] handshake failed; returned -1, SSL error code 1, net_error -101
3月 19, 2017 11:20:08.26 [7660:8696:0319/112008.259:ERROR:ssl_client_socket_impl.cc(1101)] handshake failed; returned -1, SSL error code 1, net_error -101
3月 19, 2017 11:20:14.32 [7660:8696:0319/112014.322:ERROR:ssl_client_socket_impl.cc(1101)] handshake failed; returned -1, SSL error code 1, net_error -101
3月 19, 2017 11:20:19.10 [7660:8696:0319/112019.102:ERROR:ssl_client_socket_impl.cc(1101)] handshake failed; returned -1, SSL error code 1, net_error -101
3月 19, 2017 11:20:21.27 [7660:8696:0319/112021.270:ERROR:ssl_client_socket_impl.cc(1101)] handshake failed; returned -1, SSL error code 1, net_error -101
3月 19, 2017 11:20:31.54 [7660:8696:0319/112031.541:ERROR:ssl_client_socket_impl.cc(1101)] handshake failed; returned -1, SSL error code 1, net_error -101
3月 19, 2017 11:20:32.11 [7660:8696:0319/112032.112:ERROR:ssl_client_socket_impl.cc(1101)] handshake failed; returned -1, SSL error code 1, net_error -101
3月 19, 2017 11:20:37.03 [7660:8696:0319/112037.035:ERROR:ssl_client_socket_impl.cc(1101)] handshake failed; returned -1, SSL error code 1, net_error -101
3月 19, 2017 11:20:41.55 [7660:8696:0319/112041.556:ERROR:ssl_client_socket_impl.cc(1101)] handshake failed; returned -1, SSL error code 1, net_error -101
3月 19, 2017 11:20:42.12 [7660:8696:0319/112042.119:ERROR:ssl_client_socket_impl.cc(1101)] handshake failed; returned -1, SSL error code 1, net_error -101
3月 19, 2017 11:20:50.04 [7660:8696:0319/112050.047:ERROR:ssl_client_socket_impl.cc(1101)] handshake failed; returned -1, SSL error code 1, net_error -101
3月 19, 2017 11:20:52.13 [7660:8696:0319/112052.135:ERROR:ssl_client_socket_impl.cc(1101)] handshake failed; returned -1, SSL error code 1, net_error -101
3月 19, 2017 11:20:54.33 [7660:8696:0319/112054.332:ERROR:ssl_client_socket_impl.cc(1101)] handshake failed; returned -1, SSL error code 1, net_error -101
3月 19, 2017 11:21:04.35 [7660:8696:0319/112104.356:ERROR:ssl_client_socket_impl.cc(1101)] handshake failed; returned -1, SSL error code 1, net_error -101
3月 19, 2017 11:21:21.56 [7660:8696:0319/112121.562:ERROR:ssl_client_socket_impl.cc(1101)] handshake failed; returned -1, SSL error code 1, net_error -101
3月 19, 2017 11:21:31.59 [7660:8696:0319/112131.593:ERROR:ssl_client_socket_impl.cc(1101)] handshake failed; returned -1, SSL error code 1, net_error -101
3月 19, 2017 11:21:33.54 [7660:8696:0319/112133.539:ERROR:ssl_client_socket_impl.cc(1101)] handshake failed; returned -1, SSL error code 1, net_error -101
3月 19, 2017 11:21:44.36 [7660:8696:0319/112144.366:ERROR:ssl_client_socket_impl.cc(1101)] handshake failed; returned -1, SSL error code 1, net_error -101
3月 19, 2017 11:21:46.56 [7660:8696:0319/112146.559:ERROR:ssl_client_socket_impl.cc(1101)] handshake failed; returned -1, SSL error code 1, net_error -101
3月 19, 2017 11:21:54.38 [7660:8696:0319/112154.381:ERROR:ssl_client_socket_impl.cc(1101)] handshake failed; returned -1, SSL error code 1, net_error -101
3月 19, 2017 11:21:56.56 [7660:8696:0319/112156.568:ERROR:ssl_client_socket_impl.cc(1101)] handshake failed; returned -1, SSL error code 1, net_error -101
3月 19, 2017 11:22:06.57 [7660:8696:0319/112206.578:ERROR:ssl_client_socket_impl.cc(1101)] handshake failed; returned -1, SSL error code 1, net_error -101
3月 19, 2017 11:22:09.11 [7660:8696:0319/112209.113:ERROR:ssl_client_socket_impl.cc(1101)] handshake failed; returned -1, SSL error code 1, net_error -101
3月 19, 2017 11:22:10.40 [7660:8696:0319/112210.404:ERROR:ssl_client_socket_impl.cc(1101)] handshake failed; returned -1, SSL error code 1, net_error -101
3月 19, 2017 11:22:11.59 [7660:8696:0319/112211.599:ERROR:ssl_client_socket_impl.cc(1101)] handshake failed; returned -1, SSL error code 1, net_error -101
3月 19, 2017 11:22:19.58 [7660:8696:0319/112219.588:ERROR:ssl_client_socket_impl.cc(1101)] handshake failed; returned -1, SSL error code 1, net_error -101
3月 19, 2017 11:22:20.41 [7660:8696:0319/112220.415:ERROR:ssl_client_socket_impl.cc(1101)] handshake failed; returned -1, SSL error code 1, net_error -101
3月 19, 2017 11:22:21.60 [7660:8696:0319/112221.605:ERROR:ssl_client_socket_impl.cc(1101)] handshake failed; returned -1, SSL error code 1, net_error -101
3月 19, 2017 11:22:22.13 [7660:8696:0319/112222.136:ERROR:ssl_client_socket_impl.cc(1101)] handshake failed; returned -1, SSL error code 1, net_error -101
3月 19, 2017 11:22:32.59 [7660:8696:0319/112232.593:ERROR:ssl_client_socket_impl.cc(1101)] handshake failed; returned -1, SSL error code 1, net_error -101
3月 19, 2017 11:22:34.38 [7660:8696:0319/112234.389:ERROR:ssl_client_socket_impl.cc(1101)] handshake failed; returned -1, SSL error code 1, net_error -101
3月 19, 2017 11:22:37.33 [7660:8696:0319/112237.333:ERROR:ssl_client_socket_impl.cc(1101)] handshake failed; returned -1, SSL error code 1, net_error -101
3月 19, 2017 11:22:44.40 [7660:8696:0319/112244.405:ERROR:ssl_client_socket_impl.cc(1101)] handshake failed; returned -1, SSL error code 1, net_error -101
3月 19, 2017 11:22:50.34 [7660:8696:0319/112250.341:ERROR:ssl_client_socket_impl.cc(1101)] handshake failed; returned -1, SSL error code 1, net_error -101
3月 19, 2017 11:23:00.36 [7660:8696:0319/112300.361:ERROR:ssl_client_socket_impl.cc(1101)] handshake failed; returned -1, SSL error code 1, net_error -101
3月 19, 2017 11:23:01.61 [7660:8696:0319/112301.610:ERROR:ssl_client_socket_impl.cc(1101)] handshake failed; returned -1, SSL error code 1, net_error -101
3月 19, 2017 11:23:10.38 [7660:8696:0319/112310.387:ERROR:ssl_client_socket_impl.cc(1101)] handshake failed; returned -1, SSL error code 1, net_error -101
3月 19, 2017 11:23:11.62 [7660:8696:0319/112311.621:ERROR:ssl_client_socket_impl.cc(1101)] handshake failed; returned -1, SSL error code 1, net_error -101
3月 19, 2017 11:23:24.41 [7660:8696:0319/112324.417:ERROR:ssl_client_socket_impl.cc(1101)] handshake failed; returned -1, SSL error code 1, net_error -101
3月 19, 2017 11:23:33.58 [7660:8696:0319/112333.581:ERROR:ssl_client_socket_impl.cc(1101)] handshake failed; returned -1, SSL error code 1, net_error -101
3月 19, 2017 11:23:34.42 [7660:8696:0319/112334.424:ERROR:ssl_client_socket_impl.cc(1101)] handshake failed; returned -1, SSL error code 1, net_error -101
3月 19, 2017 11:23:46.59 [7660:8696:0319/112346.591:ERROR:ssl_client_socket_impl.cc(1101)] handshake failed; returned -1, SSL error code 1, net_error -101
3月 19, 2017 11:23:51.63 [7660:8696:0319/112351.630:ERROR:ssl_client_socket_impl.cc(1101)] handshake failed; returned -1, SSL error code 1, net_error -101
3月 19, 2017 11:24:01.66 [7660:8696:0319/112401.668:ERROR:ssl_client_socket_impl.cc(1101)] handshake failed; returned -1, SSL error code 1, net_error -101
3月 19, 2017 11:24:14.43 [7660:8696:0319/112414.437:ERROR:ssl_client_socket_impl.cc(1101)] handshake failed; returned -1, SSL error code 1, net_error -101
3月 19, 2017 11:24:18.33 [7660:8696:0319/112418.339:ERROR:ssl_client_socket_impl.cc(1101)] handshake failed; returned -1, SSL error code 1, net_error -101
3月 19, 2017 11:24:24.44 [7660:8696:0319/112424.448:ERROR:ssl_client_socket_impl.cc(1101)] handshake failed; returned -1, SSL error code 1, net_error -101
3月 19, 2017 11:24:31.35 [7660:8696:0319/112431.354:ERROR:ssl_client_socket_impl.cc(1101)] handshake failed; returned -1, SSL error code 1, net_error -101
3月 19, 2017 11:24:41.67 [7660:8696:0319/112441.674:ERROR:ssl_client_socket_impl.cc(1101)] handshake failed; returned -1, SSL error code 1, net_error -101
3月 19, 2017 11:24:51.68 [7660:8696:0319/112451.688:ERROR:ssl_client_socket_impl.cc(1101)] handshake failed; returned -1, SSL error code 1, net_error -101
3月 19, 2017 11:24:57.96 [7660:8696:0319/112457.959:ERROR:ssl_client_socket_impl.cc(1101)] handshake failed; returned -1, SSL error code 1, net_error -101
3月 19, 2017 11:25:04.45 [7660:8696:0319/112504.455:ERROR:ssl_client_socket_impl.cc(1101)] handshake failed; returned -1, SSL error code 1, net_error -101
3月 19, 2017 11:25:10.97 [7660:8696:0319/112510.976:ERROR:ssl_client_socket_impl.cc(1101)] handshake failed; returned -1, SSL error code 1, net_error -101
3月 19, 2017 11:25:14.46 [7660:8696:0319/112514.468:ERROR:ssl_client_socket_impl.cc(1101)] handshake failed; returned -1, SSL error code 1, net_error -101
3月 19, 2017 11:25:31.69 [7660:8696:0319/112531.696:ERROR:ssl_client_socket_impl.cc(1101)] handshake failed; returned -1, SSL error code 1, net_error -101
3月 19, 2017 11:25:41.72 [7660:8696:0319/112541.725:ERROR:ssl_client_socket_impl.cc(1101)] handshake failed; returned -1, SSL error code 1, net_error -101
3月 19, 2017 11:25:49.33 [7660:8696:0319/112549.330:ERROR:ssl_client_socket_impl.cc(1101)] handshake failed; returned -1, SSL error code 1, net_error -101
3月 19, 2017 11:25:54.48 [7660:8696:0319/112554.484:ERROR:ssl_client_socket_impl.cc(1101)] handshake failed; returned -1, SSL error code 1, net_error -101
3月 19, 2017 11:25:59.34 [7660:8696:0319/112559.343:ERROR:ssl_client_socket_impl.cc(1101)] handshake failed; returned -1, SSL error code 1, net_error -101
3月 19, 2017 11:25:59.34 [7660:912:0319/112559.344:ERROR:gcm_channel_status_request.cc(89)] GCM channel request failed.
3月 19, 2017 11:26:04.35 [7660:8696:0319/112604.352:ERROR:ssl_client_socket_impl.cc(1101)] handshake failed; returned -1, SSL error code 1, net_error -101
3月 19, 2017 11:26:04.49 [7660:8696:0319/112604.495:ERROR:ssl_client_socket_impl.cc(1101)] handshake failed; returned -1, SSL error code 1, net_error -101
3月 19, 2017 11:26:14.36 [7660:8696:0319/112614.362:ERROR:ssl_client_socket_impl.cc(1101)] handshake failed; returned -1, SSL error code 1, net_error -101
3月 19, 2017 11:26:21.74 [7660:8696:0319/112621.741:ERROR:ssl_client_socket_impl.cc(1101)] handshake failed; returned -1, SSL error code 1, net_error -101
3月 19, 2017 11:26:27.74 [7660:8696:0319/112627.749:ERROR:ssl_client_socket_impl.cc(1101)] handshake failed; returned -1, SSL error code 1, net_error -101
3月 19, 2017 11:26:31.75 [7660:8696:0319/112631.751:ERROR:ssl_client_socket_impl.cc(1101)] handshake failed; returned -1, SSL error code 1, net_error -101
3月 19, 2017 11:26:37.75 [7660:8696:0319/112637.758:ERROR:ssl_client_socket_impl.cc(1101)] handshake failed; returned -1, SSL error code 1, net_error -101
3月 19, 2017 11:26:44.50 [7660:8696:0319/112644.501:ERROR:ssl_client_socket_impl.cc(1101)] handshake failed; returned -1, SSL error code 1, net_error -101
3月 19, 2017 11:26:44.95 [7660:8696:0319/112644.958:ERROR:ssl_client_socket_impl.cc(1101)] handshake failed; returned -1, SSL error code 1, net_error -101
3月 19, 2017 11:26:50.77 [7660:8696:0319/112650.769:ERROR:ssl_client_socket_impl.cc(1101)] handshake failed; returned -1, SSL error code 1, net_error -101
3月 19, 2017 11:26:54.52 [7660:8696:0319/112654.523:ERROR:ssl_client_socket_impl.cc(1101)] handshake failed; returned -1, SSL error code 1, net_error -101
3月 19, 2017 11:26:57.96 [7660:8696:0319/112657.967:ERROR:ssl_client_socket_impl.cc(1101)] handshake failed; returned -1, SSL error code 1, net_error -101
3月 19, 2017 11:27:03.78 [7660:8696:0319/112703.780:ERROR:ssl_client_socket_impl.cc(1101)] handshake failed; returned -1, SSL error code 1, net_error -101
3月 19, 2017 11:27:11.76 [7660:8696:0319/112711.765:ERROR:ssl_client_socket_impl.cc(1101)] handshake failed; returned -1, SSL error code 1, net_error -101
3月 19, 2017 11:27:16.81 [7660:8696:0319/112716.813:ERROR:ssl_client_socket_impl.cc(1101)] handshake failed; returned -1, SSL error code 1, net_error -101
3月 19, 2017 11:27:21.77 [7660:8696:0319/112721.778:ERROR:ssl_client_socket_impl.cc(1101)] handshake failed; returned -1, SSL error code 1, net_error -101
3月 19, 2017 11:27:29.82 [7660:8696:0319/112729.821:ERROR:ssl_client_socket_impl.cc(1101)] handshake failed; returned -1, SSL error code 1, net_error -101
3月 19, 2017 11:27:32.93 [7660:8696:0319/112732.930:ERROR:ssl_client_socket_impl.cc(1101)] handshake failed; returned -1, SSL error code 1, net_error -101
3月 19, 2017 11:27:34.54 [7660:8696:0319/112734.544:ERROR:ssl_client_socket_impl.cc(1101)] handshake failed; returned -1, SSL error code 1, net_error -101
3月 19, 2017 11:27:36.18 [7660:8696:0319/112736.184:ERROR:ssl_client_socket_impl.cc(1101)] handshake failed; returned -1, SSL error code 1, net_error -101
3月 19, 2017 11:27:42.82 [7660:8696:0319/112742.828:ERROR:ssl_client_socket_impl.cc(1101)] handshake failed; returned -1, SSL error code 1, net_error -101
3月 19, 2017 11:27:42.94 [7660:8696:0319/112742.942:ERROR:ssl_client_socket_impl.cc(1101)] handshake failed; returned -1, SSL error code 1, net_error -101
3月 19, 2017 11:27:44.55 [7660:8696:0319/112744.553:ERROR:ssl_client_socket_impl.cc(1101)] handshake failed; returned -1, SSL error code 1, net_error -101
3月 19, 2017 11:27:49.60 [7660:8696:0319/112749.601:ERROR:ssl_client_socket_impl.cc(1101)] handshake failed; returned -1, SSL error code 1, net_error -101
3月 19, 2017 11:27:55.84 [7660:8696:0319/112755.839:ERROR:ssl_client_socket_impl.cc(1101)] handshake failed; returned -1, SSL error code 1, net_error -101
3月 19, 2017 11:28:01.78 [7660:8696:0319/112801.784:ERROR:ssl_client_socket_impl.cc(1101)] handshake failed; returned -1, SSL error code 1, net_error -101
3月 19, 2017 11:28:05.85 [7660:8696:0319/112805.854:ERROR:ssl_client_socket_impl.cc(1101)] handshake failed; returned -1, SSL error code 1, net_error -101
3月 19, 2017 11:28:11.79 [7660:8696:0319/112811.796:ERROR:ssl_client_socket_impl.cc(1101)] handshake failed; returned -1, SSL error code 1, net_error -101
3月 19, 2017 11:28:15.86 [7660:8696:0319/112815.864:ERROR:ssl_client_socket_impl.cc(1101)] handshake failed; returned -1, SSL error code 1, net_error -101
3月 19, 2017 11:28:24.55 [7660:8696:0319/112824.558:ERROR:ssl_client_socket_impl.cc(1101)] handshake failed; returned -1, SSL error code 1, net_error -101
3月 19, 2017 11:28:29.79 [7660:8696:0319/112829.794:ERROR:ssl_client_socket_impl.cc(1101)] handshake failed; returned -1, SSL error code 1, net_error -101
3月 19, 2017 11:28:34.56 [7660:8696:0319/112834.565:ERROR:ssl_client_socket_impl.cc(1101)] handshake failed; returned -1, SSL error code 1, net_error -101
3月 19, 2017 11:28:42.80 [7660:8696:0319/112842.800:ERROR:ssl_client_socket_impl.cc(1101)] handshake failed; returned -1, SSL error code 1, net_error -101
3月 19, 2017 11:28:51.81 [7660:8696:0319/112851.818:ERROR:ssl_client_socket_impl.cc(1101)] handshake failed; returned -1, SSL error code 1, net_error -101
3月 19, 2017 11:29:01.83 [7660:8696:0319/112901.830:ERROR:ssl_client_socket_impl.cc(1101)] handshake failed; returned -1, SSL error code 1, net_error -101
3月 19, 2017 11:29:14.56 [7660:8696:0319/112914.568:ERROR:ssl_client_socket_impl.cc(1101)] handshake failed; returned -1, SSL error code 1, net_error -101
3月 19, 2017 11:29:24.59 [7660:8696:0319/112924.595:ERROR:ssl_client_socket_impl.cc(1101)] handshake failed; returned -1, SSL error code 1, net_error -101
3月 19, 2017 11:29:29.36 [7660:8696:0319/112929.365:ERROR:ssl_client_socket_impl.cc(1101)] handshake failed; returned -1, SSL error code 1, net_error -101
3月 19, 2017 11:29:41.83 [7660:8696:0319/112941.837:ERROR:ssl_client_socket_impl.cc(1101)] handshake failed; returned -1, SSL error code 1, net_error -101
3月 19, 2017 11:29:42.38 [7660:8696:0319/112942.383:ERROR:ssl_client_socket_impl.cc(1101)] handshake failed; returned -1, SSL error code 1, net_error -101
3月 19, 2017 11:29:51.85 [7660:8696:0319/112951.851:ERROR:ssl_client_socket_impl.cc(1101)] handshake failed; returned -1, SSL error code 1, net_error -101
3月 19, 2017 11:30:04.60 [7660:8696:0319/113004.599:ERROR:ssl_client_socket_impl.cc(1101)] handshake failed; returned -1, SSL error code 1, net_error -101
3月 19, 2017 11:30:05.99 [7660:8696:0319/113005.989:ERROR:ssl_client_socket_impl.cc(1101)] handshake failed; returned -1, SSL error code 1, net_error -101
3月 19, 2017 11:30:09.79 [7660:8696:0319/113009.797:ERROR:ssl_client_socket_impl.cc(1101)] handshake failed; returned -1, SSL error code 1, net_error -101
3月 19, 2017 11:30:14.61 [7660:8696:0319/113014.612:ERROR:ssl_client_socket_impl.cc(1101)] handshake failed; returned -1, SSL error code 1, net_error -101
3月 19, 2017 11:30:19.00 [7660:8696:0319/113018.999:ERROR:ssl_client_socket_impl.cc(1101)] handshake failed; returned -1, SSL error code 1, net_error -101
3月 19, 2017 11:30:22.82 [7660:8696:0319/113022.828:ERROR:ssl_client_socket_impl.cc(1101)] handshake failed; returned -1, SSL error code 1, net_error -101
3月 19, 2017 11:30:31.86 [7660:8696:0319/113031.866:ERROR:ssl_client_socket_impl.cc(1101)] handshake failed; returned -1, SSL error code 1, net_error -101
3月 19, 2017 11:30:41.88 [7660:8696:0319/113041.881:ERROR:ssl_client_socket_impl.cc(1101)] handshake failed; returned -1, SSL error code 1, net_error -101
3月 19, 2017 11:30:43.24 [7660:8696:0319/113043.239:ERROR:ssl_client_socket_impl.cc(1101)] handshake failed; returned -1, SSL error code 1, net_error -101
3月 19, 2017 11:30:53.25 [7660:8696:0319/113053.252:ERROR:ssl_client_socket_impl.cc(1101)] handshake failed; returned -1, SSL error code 1, net_error -101
3月 19, 2017 11:30:54.62 [7660:8696:0319/113054.621:ERROR:ssl_client_socket_impl.cc(1101)] handshake failed; returned -1, SSL error code 1, net_error -101
3月 19, 2017 11:31:04.63 [7660:8696:0319/113104.632:ERROR:ssl_client_socket_impl.cc(1101)] handshake failed; returned -1, SSL error code 1, net_error -101
3月 19, 2017 11:31:21.90 [7660:8696:0319/113121.902:ERROR:ssl_client_socket_impl.cc(1101)] handshake failed; returned -1, SSL error code 1, net_error -101
3月 19, 2017 11:31:31.91 [7660:8696:0319/113131.916:ERROR:ssl_client_socket_impl.cc(1101)] handshake failed; returned -1, SSL error code 1, net_error -101
3月 19, 2017 11:31:34.78 [7660:8696:0319/113134.788:ERROR:ssl_client_socket_impl.cc(1101)] handshake failed; returned -1, SSL error code 1, net_error -101
3月 19, 2017 11:31:44.63 [7660:8696:0319/113144.638:ERROR:ssl_client_socket_impl.cc(1101)] handshake failed; returned -1, SSL error code 1, net_error -101
3月 19, 2017 11:31:47.80 [7660:8696:0319/113147.799:ERROR:ssl_client_socket_impl.cc(1101)] handshake failed; returned -1, SSL error code 1, net_error -101
3月 19, 2017 11:31:54.81 [7660:8696:0319/113154.808:ERROR:ssl_client_socket_impl.cc(1101)] handshake failed; returned -1, SSL error code 1, net_error -101
3月 19, 2017 11:32:11.93 [7660:8696:0319/113211.935:ERROR:ssl_client_socket_impl.cc(1101)] handshake failed; returned -1, SSL error code 1, net_error -101
3月 19, 2017 11:32:21.96 [7660:8696:0319/113221.960:ERROR:ssl_client_socket_impl.cc(1101)] handshake failed; returned -1, SSL error code 1, net_error -101
3月 19, 2017 11:32:32.05 [7660:8696:0319/113232.058:ERROR:ssl_client_socket_impl.cc(1101)] handshake failed; returned -1, SSL error code 1, net_error -101
3月 19, 2017 11:32:34.82 [7660:8696:0319/113234.819:ERROR:ssl_client_socket_impl.cc(1101)] handshake failed; returned -1, SSL error code 1, net_error -101
3月 19, 2017 11:32:44.82 [7660:8696:0319/113244.826:ERROR:ssl_client_socket_impl.cc(1101)] handshake failed; returned -1, SSL error code 1, net_error -101
3月 19, 2017 11:32:45.07 [7660:8696:0319/113245.069:ERROR:ssl_client_socket_impl.cc(1101)] handshake failed; returned -1, SSL error code 1, net_error -101
3月 19, 2017 11:33:01.96 [7660:8696:0319/113301.965:ERROR:ssl_client_socket_impl.cc(1101)] handshake failed; returned -1, SSL error code 1, net_error -101
3月 19, 2017 11:33:03.44 [7660:8696:0319/113303.443:ERROR:ssl_client_socket_impl.cc(1101)] handshake failed; returned -1, SSL error code 1, net_error -101
3月 19, 2017 11:33:11.97 [7660:8696:0319/113311.973:ERROR:ssl_client_socket_impl.cc(1101)] handshake failed; returned -1, SSL error code 1, net_error -101
3月 19, 2017 11:33:16.45 [7660:8696:0319/113316.454:ERROR:ssl_client_socket_impl.cc(1101)] handshake failed; returned -1, SSL error code 1, net_error -101
3月 19, 2017 11:33:24.83 [7660:8696:0319/113324.834:ERROR:ssl_client_socket_impl.cc(1101)] handshake failed; returned -1, SSL error code 1, net_error -101
3月 19, 2017 11:33:34.85 [7660:8696:0319/113334.857:ERROR:ssl_client_socket_impl.cc(1101)] handshake failed; returned -1, SSL error code 1, net_error -101
3月 19, 2017 11:33:51.98 [7660:8696:0319/113351.985:ERROR:ssl_client_socket_impl.cc(1101)] handshake failed; returned -1, SSL error code 1, net_error -101
3月 19, 2017 11:34:01.99 [7660:8696:0319/113401.995:ERROR:ssl_client_socket_impl.cc(1101)] handshake failed; returned -1, SSL error code 1, net_error -101
3月 19, 2017 11:34:08.52 [7660:8696:0319/113408.528:ERROR:ssl_client_socket_impl.cc(1101)] handshake failed; returned -1, SSL error code 1, net_error -101
3月 19, 2017 11:34:14.86 [7660:8696:0319/113414.863:ERROR:ssl_client_socket_impl.cc(1101)] handshake failed; returned -1, SSL error code 1, net_error -101
3月 19, 2017 11:34:18.53 [7660:8696:0319/113418.535:ERROR:ssl_client_socket_impl.cc(1101)] handshake failed; returned -1, SSL error code 1, net_error -101
3月 19, 2017 11:34:24.87 [7660:8696:0319/113424.873:ERROR:ssl_client_socket_impl.cc(1101)] handshake failed; returned -1, SSL error code 1, net_error -101
3月 19, 2017 11:34:41.73 [7660:8696:0319/113441.732:ERROR:ssl_client_socket_impl.cc(1101)] handshake failed; returned -1, SSL error code 1, net_error -101
3月 19, 2017 11:34:41.99 [7660:8696:0319/113441.998:ERROR:ssl_client_socket_impl.cc(1101)] handshake failed; returned -1, SSL error code 1, net_error -101
3月 19, 2017 11:34:52.00 [7660:8696:0319/113452.005:ERROR:ssl_client_socket_impl.cc(1101)] handshake failed; returned -1, SSL error code 1, net_error -101
3月 19, 2017 11:34:54.74 [7660:8696:0319/113454.746:ERROR:ssl_client_socket_impl.cc(1101)] handshake failed; returned -1, SSL error code 1, net_error -101
3月 19, 2017 11:35:04.88 [7660:8696:0319/113504.885:ERROR:ssl_client_socket_impl.cc(1101)] handshake failed; returned -1, SSL error code 1, net_error -101
3月 19, 2017 11:35:14.90 [7660:8696:0319/113514.901:ERROR:ssl_client_socket_impl.cc(1101)] handshake failed; returned -1, SSL error code 1, net_error -101
3月 19, 2017 11:35:32.03 [7660:8696:0319/113532.037:ERROR:ssl_client_socket_impl.cc(1101)] handshake failed; returned -1, SSL error code 1, net_error -101
3月 19, 2017 11:35:42.05 [7660:8696:0319/113542.049:ERROR:ssl_client_socket_impl.cc(1101)] handshake failed; returned -1, SSL error code 1, net_error -101
3月 19, 2017 11:35:54.86 [7660:8696:0319/113554.868:ERROR:ssl_client_socket_impl.cc(1101)] handshake failed; returned -1, SSL error code 1, net_error -101
3月 19, 2017 11:35:54.90 [7660:8696:0319/113554.907:ERROR:ssl_client_socket_impl.cc(1101)] handshake failed; returned -1, SSL error code 1, net_error -101
3月 19, 2017 11:36:04.88 [7660:8696:0319/113604.884:ERROR:ssl_client_socket_impl.cc(1101)] handshake failed; returned -1, SSL error code 1, net_error -101
3月 19, 2017 11:36:04.92 [7660:8696:0319/113604.920:ERROR:ssl_client_socket_impl.cc(1101)] handshake failed; returned -1, SSL error code 1, net_error -101
3月 19, 2017 11:36:09.28 [7660:8696:0319/113609.282:ERROR:ssl_client_socket_impl.cc(1101)] handshake failed; returned -1, SSL error code 1, net_error -101
3月 19, 2017 11:36:19.29 [7660:8696:0319/113619.296:ERROR:ssl_client_socket_impl.cc(1101)] handshake failed; returned -1, SSL error code 1, net_error -101
3月 19, 2017 11:36:19.29 [7660:912:0319/113619.298:ERROR:gcm_channel_status_request.cc(89)] GCM channel request failed.
3月 19, 2017 11:36:22.05 [7660:8696:0319/113622.057:ERROR:ssl_client_socket_impl.cc(1101)] handshake failed; returned -1, SSL error code 1, net_error -101
3月 19, 2017 11:36:32.07 [7660:8696:0319/113632.073:ERROR:ssl_client_socket_impl.cc(1101)] handshake failed; returned -1, SSL error code 1, net_error -101
3月 19, 2017 11:36:44.93 [7660:8696:0319/113644.936:ERROR:ssl_client_socket_impl.cc(1101)] handshake failed; returned -1, SSL error code 1, net_error -101
3月 19, 2017 11:36:54.96 [7660:8696:0319/113654.964:ERROR:ssl_client_socket_impl.cc(1101)] handshake failed; returned -1, SSL error code 1, net_error -101
3月 19, 2017 11:37:12.08 [7660:8696:0319/113712.087:ERROR:ssl_client_socket_impl.cc(1101)] handshake failed; returned -1, SSL error code 1, net_error -101
3月 19, 2017 11:37:22.10 [7660:8696:0319/113722.100:ERROR:ssl_client_socket_impl.cc(1101)] handshake failed; returned -1, SSL error code 1, net_error -101
3月 19, 2017 11:37:34.98 [7660:8696:0319/113734.979:ERROR:ssl_client_socket_impl.cc(1101)] handshake failed; returned -1, SSL error code 1, net_error -101
3月 19, 2017 11:37:44.99 [7660:8696:0319/113744.997:ERROR:ssl_client_socket_impl.cc(1101)] handshake failed; returned -1, SSL error code 1, net_error -101
3月 19, 2017 11:38:02.14 [7660:8696:0319/113802.145:ERROR:ssl_client_socket_impl.cc(1101)] handshake failed; returned -1, SSL error code 1, net_error -101
3月 19, 2017 11:38:12.17 [7660:8696:0319/113812.171:ERROR:ssl_client_socket_impl.cc(1101)] handshake failed; returned -1, SSL error code 1, net_error -101
3月 19, 2017 11:38:25.00 [7660:8696:0319/113825.004:ERROR:ssl_client_socket_impl.cc(1101)] handshake failed; returned -1, SSL error code 1, net_error -101
3月 19, 2017 11:38:35.02 [7660:8696:0319/113835.022:ERROR:ssl_client_socket_impl.cc(1101)] handshake failed; returned -1, SSL error code 1, net_error -101
3月 19, 2017 11:38:50.60 [7660:8696:0319/113850.604:ERROR:ssl_client_socket_impl.cc(1101)] handshake failed; returned -1, SSL error code 1, net_error -101
3月 19, 2017 11:38:52.19 [7660:8696:0319/113852.190:ERROR:ssl_client_socket_impl.cc(1101)] handshake failed; returned -1, SSL error code 1, net_error -101
3月 19, 2017 11:39:00.62 [7660:8696:0319/113900.621:ERROR:ssl_client_socket_impl.cc(1101)] handshake failed; returned -1, SSL error code 1, net_error -101
3月 19, 2017 11:39:02.21 [7660:8696:0319/113902.212:ERROR:ssl_client_socket_impl.cc(1101)] handshake failed; returned -1, SSL error code 1, net_error -101
3月 19, 2017 11:39:15.03 [7660:8696:0319/113915.033:ERROR:ssl_client_socket_impl.cc(1101)] handshake failed; returned -1, SSL error code 1, net_error -101
3月 19, 2017 11:39:25.04 [7660:8696:0319/113925.045:ERROR:ssl_client_socket_impl.cc(1101)] handshake failed; returned -1, SSL error code 1, net_error -101
3月 19, 2017 11:39:42.21 [7660:8696:0319/113942.217:ERROR:ssl_client_socket_impl.cc(1101)] handshake failed; returned -1, SSL error code 1, net_error -101
3月 19, 2017 11:39:52.22 [7660:8696:0319/113952.229:ERROR:ssl_client_socket_impl.cc(1101)] handshake failed; returned -1, SSL error code 1, net_error -101
3月 19, 2017 11:40:05.06 [7660:8696:0319/114005.063:ERROR:ssl_client_socket_impl.cc(1101)] handshake failed; returned -1, SSL error code 1, net_error -101
3月 19, 2017 11:40:15.07 [7660:8696:0319/114015.077:ERROR:ssl_client_socket_impl.cc(1101)] handshake failed; returned -1, SSL error code 1, net_error -101
3月 19, 2017 11:40:32.23 [7660:8696:0319/114032.234:ERROR:ssl_client_socket_impl.cc(1101)] handshake failed; returned -1, SSL error code 1, net_error -101
3月 19, 2017 11:40:42.24 [7660:8696:0319/114042.247:ERROR:ssl_client_socket_impl.cc(1101)] handshake failed; returned -1, SSL error code 1, net_error -101
3月 19, 2017 11:40:55.08 [7660:8696:0319/114055.088:ERROR:ssl_client_socket_impl.cc(1101)] handshake failed; returned -1, SSL error code 1, net_error -101
3月 19, 2017 11:41:05.10 [7660:8696:0319/114105.099:ERROR:ssl_client_socket_impl.cc(1101)] handshake failed; returned -1, SSL error code 1, net_error -101
3月 19, 2017 11:41:22.25 [7660:8696:0319/114122.253:ERROR:ssl_client_socket_impl.cc(1101)] handshake failed; returned -1, SSL error code 1, net_error -101
3月 19, 2017 11:41:32.27 [7660:8696:0319/114132.270:ERROR:ssl_client_socket_impl.cc(1101)] handshake failed; returned -1, SSL error code 1, net_error -101
3月 19, 2017 11:41:45.10 [7660:8696:0319/114145.107:ERROR:ssl_client_socket_impl.cc(1101)] handshake failed; returned -1, SSL error code 1, net_error -101
3月 19, 2017 11:41:55.11 [7660:8696:0319/114155.115:ERROR:ssl_client_socket_impl.cc(1101)] handshake failed; returned -1, SSL error code 1, net_error -101
3月 19, 2017 11:42:04.62 [7660:8696:0319/114204.619:ERROR:ssl_client_socket_impl.cc(1101)] handshake failed; returned -1, SSL error code 1, net_error -101
3月 19, 2017 11:42:12.27 [7660:8696:0319/114212.271:ERROR:ssl_client_socket_impl.cc(1101)] handshake failed; returned -1, SSL error code 1, net_error -101
3月 19, 2017 11:42:14.62 [7660:8696:0319/114214.628:ERROR:ssl_client_socket_impl.cc(1101)] handshake failed; returned -1, SSL error code 1, net_error -101
3月 19, 2017 11:42:22.29 [7660:8696:0319/114222.290:ERROR:ssl_client_socket_impl.cc(1101)] handshake failed; returned -1, SSL error code 1, net_error -101
3月 19, 2017 11:42:28.96 [7660:8696:0319/114228.966:ERROR:ssl_client_socket_impl.cc(1101)] handshake failed; returned -1, SSL error code 1, net_error -101
3月 19, 2017 11:42:35.14 [7660:8696:0319/114235.144:ERROR:ssl_client_socket_impl.cc(1101)] handshake failed; returned -1, SSL error code 1, net_error -101
3月 19, 2017 11:42:37.11 [7660:8696:0319/114237.118:ERROR:ssl_client_socket_impl.cc(1101)] handshake failed; returned -1, SSL error code 1, net_error -101
3月 19, 2017 11:42:41.98 [7660:8696:0319/114241.980:ERROR:ssl_client_socket_impl.cc(1101)] handshake failed; returned -1, SSL error code 1, net_error -101
3月 19, 2017 11:42:45.21 [7660:8696:0319/114245.200:ERROR:ssl_client_socket_impl.cc(1101)] handshake failed; returned -1, SSL error code 1, net_error -101
3月 19, 2017 11:42:50.12 [7660:8696:0319/114250.123:ERROR:ssl_client_socket_impl.cc(1101)] handshake failed; returned -1, SSL error code 1, net_error -101
3月 19, 2017 11:42:55.00 [7660:8696:0319/114255.002:ERROR:ssl_client_socket_impl.cc(1101)] handshake failed; returned -1, SSL error code 1, net_error -101
3月 19, 2017 11:43:02.30 [7660:8696:0319/114302.299:ERROR:ssl_client_socket_impl.cc(1101)] handshake failed; returned -1, SSL error code 1, net_error -101
3月 19, 2017 11:43:08.01 [7660:8696:0319/114308.012:ERROR:ssl_client_socket_impl.cc(1101)] handshake failed; returned -1, SSL error code 1, net_error -101
3月 19, 2017 11:43:12.31 [7660:8696:0319/114312.310:ERROR:ssl_client_socket_impl.cc(1101)] handshake failed; returned -1, SSL error code 1, net_error -101
3月 19, 2017 11:43:25.25 [7660:8696:0319/114325.253:ERROR:ssl_client_socket_impl.cc(1101)] handshake failed; returned -1, SSL error code 1, net_error -101
3月 19, 2017 11:43:34.51 [7660:8696:0319/114334.514:ERROR:ssl_client_socket_impl.cc(1101)] handshake failed; returned -1, SSL error code 1, net_error -101
3月 19, 2017 11:43:35.27 [7660:8696:0319/114335.273:ERROR:ssl_client_socket_impl.cc(1101)] handshake failed; returned -1, SSL error code 1, net_error -101
3月 19, 2017 11:43:40.13 [7660:8696:0319/114340.138:ERROR:ssl_client_socket_impl.cc(1101)] handshake failed; returned -1, SSL error code 1, net_error -101
3月 19, 2017 11:43:47.52 [7660:8696:0319/114347.527:ERROR:ssl_client_socket_impl.cc(1101)] handshake failed; returned -1, SSL error code 1, net_error -101
3月 19, 2017 11:43:52.31 [7660:8696:0319/114352.315:ERROR:ssl_client_socket_impl.cc(1101)] handshake failed; returned -1, SSL error code 1, net_error -101
3月 19, 2017 11:43:53.14 [7660:8696:0319/114353.146:ERROR:ssl_client_socket_impl.cc(1101)] handshake failed; returned -1, SSL error code 1, net_error -101
3月 19, 2017 11:44:02.33 [7660:8696:0319/114402.330:ERROR:ssl_client_socket_impl.cc(1101)] handshake failed; returned -1, SSL error code 1, net_error -101
3月 19, 2017 11:44:13.97 [7660:8696:0319/114413.969:ERROR:ssl_client_socket_impl.cc(1101)] handshake failed; returned -1, SSL error code 1, net_error -101
3月 19, 2017 11:44:15.27 [7660:8696:0319/114415.278:ERROR:ssl_client_socket_impl.cc(1101)] handshake failed; returned -1, SSL error code 1, net_error -101
3月 19, 2017 11:44:20.07 [7660:8696:0319/114420.076:ERROR:ssl_client_socket_impl.cc(1101)] handshake failed; returned -1, SSL error code 1, net_error -101
3月 19, 2017 11:44:23.97 [7660:8696:0319/114423.979:ERROR:ssl_client_socket_impl.cc(1101)] handshake failed; returned -1, SSL error code 1, net_error -101
3月 19, 2017 11:44:25.28 [7660:8696:0319/114425.288:ERROR:ssl_client_socket_impl.cc(1101)] handshake failed; returned -1, SSL error code 1, net_error -101
3月 19, 2017 11:44:33.08 [7660:8696:0319/114433.088:ERROR:ssl_client_socket_impl.cc(1101)] handshake failed; returned -1, SSL error code 1, net_error -101
